<?xml version="1.0" encoding="utf-8" standalone="no"?>
<!--This file represents the results of running a test suite-->
<test-results name="C:\Code\MusicManager\MusicManager\MusicManager.csproj" total="1" errors="0" failures="0" not-run="0" inconclusive="0" ignored="0" skipped="0" invalid="0" date="2012-06-25" time="02:35:18">
  <environment nunit-version="2.6.0.12051" clr-version="2.0.50727.5456" os-version="Microsoft Windows NT 6.1.7601 Service Pack 1" platform="Win32NT" cwd="C:\Code\MusicManager\MusicManager" machine-name="HEMANT-VAIO" user="Hemant" user-domain="Hemant-VAIO" />
  <culture-info current-culture="en-GB" current-uiculture="en-US" />
  <test-suite type="Project" name="C:\Code\MusicManager\MusicManager\MusicManager.csproj" executed="True" result="Success" success="True" time="0.026" asserts="0">
    <results>
      <test-suite type="Assembly" name="C:\Code\MusicManager\MusicManager\bin\Debug\MusicManager.exe" executed="True" result="Success" success="True" time="0.019" asserts="0">
        <results>
          <test-suite type="Namespace" name="MusicManager" executed="True" result="Success" success="True" time="0.016" asserts="0">
            <results>
              <test-suite type="Namespace" name="Test" executed="True" result="Success" success="True" time="0.015" asserts="0">
                <results>
                  <test-suite type="TestFixture" name="FileConverterTest" executed="True" result="Success" success="True" time="0.014" asserts="0">
                    <results>
                      <test-case name="MusicManager.Test.FileConverterTest.TestSomething" executed="True" result="Success" success="True" time="0.006" asserts="0" />
                    </results>
                  </test-suite>
                </results>
              </test-suite>
            </results>
          </test-suite>
        </results>
      </test-suite>
    </results>
  </test-suite>
</test-results>