<?xml version="1.0" encoding="utf-8" standalone="no"?>
<!--This file represents the results of running a test suite-->
<test-results name="C:\Code\MusicManager\MusicManager.Test\MusicManager.Test.csproj" total="8" errors="0" failures="0" not-run="0" inconclusive="0" ignored="0" skipped="0" invalid="0" date="2012-08-15" time="01:05:43">
  <environment nunit-version="2.6.0.12051" clr-version="2.0.50727.5456" os-version="Microsoft Windows NT 6.1.7601 Service Pack 1" platform="Win32NT" cwd="C:\Code\MusicManager\MusicManager.Test" machine-name="HEMANT-VAIO" user="Hemant" user-domain="Hemant-VAIO" />
  <culture-info current-culture="en-GB" current-uiculture="en-US" />
  <test-suite type="Project" name="C:\Code\MusicManager\MusicManager.Test\MusicManager.Test.csproj" executed="True" result="Success" success="True" time="0.086" asserts="0">
    <results>
      <test-suite type="Assembly" name="C:\Code\MusicManager\MusicManager.Test\bin\Debug\MusicManager.Test.dll" executed="True" result="Success" success="True" time="0.084" asserts="0">
        <results>
          <test-suite type="Namespace" name="MusicManager" executed="True" result="Success" success="True" time="0.082" asserts="0">
            <results>
              <test-suite type="Namespace" name="Test" executed="True" result="Success" success="True" time="0.080" asserts="0">
                <results>
                  <test-suite type="TestFixture" name="FileNameCleanerTest" executed="True" result="Success" success="True" time="0.003" asserts="0">
                    <results>
                      <test-case name="MusicManager.Test.FileNameCleanerTest.TestSomething" executed="True" result="Success" success="True" time="0.000" asserts="0" />
                    </results>
                  </test-suite>
                  <test-suite type="TestFixture" name="StringExtensionTest" executed="True" result="Success" success="True" time="0.054" asserts="0">
                    <results>
                      <test-case name="MusicManager.Test.StringExtensionTest.CleanString_MultipleCharacters_AllChractersRemoved" executed="True" result="Success" success="True" time="0.000" asserts="1" />
                      <test-case name="MusicManager.Test.StringExtensionTest.CleanString_WithDash_DashRemoved" executed="True" result="Success" success="True" time="0.000" asserts="1" />
                      <test-case name="MusicManager.Test.StringExtensionTest.CleanString_WithOnlyWhitespaces_ReturnsEmptyString" executed="True" result="Success" success="True" time="0.000" asserts="1" />
                      <test-case name="MusicManager.Test.StringExtensionTest.CleanString_WithPeriod_PeriodRemoved" executed="True" result="Success" success="True" time="0.000" asserts="1" />
                      <test-case name="MusicManager.Test.StringExtensionTest.CleanString_WithPeriodDontTrim_IsUntrimmedPeriodRemoved" executed="True" result="Success" success="True" time="0.001" asserts="1" />
                      <test-case name="MusicManager.Test.StringExtensionTest.CleanString_WithSquareBrackets_SquareBracketsRemoved" executed="True" result="Success" success="True" time="0.000" asserts="1" />
                      <test-case name="MusicManager.Test.StringExtensionTest.ReplaceString_WithoutMatch_NothingReplaced" executed="True" result="Success" success="True" time="0.001" asserts="1" />
                    </results>
                  </test-suite>
                </results>
              </test-suite>
            </results>
          </test-suite>
        </results>
      </test-suite>
    </results>
  </test-suite>
</test-results>